<?xml version="1.0" encoding="UTF-8"?>
<!-- Generated by org.testng.reporters.JUnitXMLReporter -->
<testsuite hostname="DESKTOP-D6VBTLG" name="Test" tests="2" failures="1" timestamp="5 Nov 2019 10:42:36 GMT" time="51.226" errors="0">
  <testcase name="Tc1" time="2.465" classname="Tests.Tc_1"/>
  <testcase name="salman" time="0.046" classname="Tests.Tc_1">
    <failure type="java.lang.AssertionError" message="expected [13] but found [12]">
      <![CDATA[java.lang.AssertionError: expected [13] but found [12]
	at Tests.Tc_1.salman(Tc_1.java:92)
... Removed 30 stack frames]]>
    </failure>
  </testcase> <!-- salman -->
</testsuite> <!-- Test -->
